    ml46 1 1
    Base: ml2_chr1.fasta
    Length of base: 1114955
    Query: ml46_chr1.fasta
    Length of query: 1707280
    Alignment: ml46 1 1
    /Volumes/Samsung_T5/vienn/pannagram_test/symA_test/blast_parts_ml2/ml46_1_1.txt
    Read blast results finished, numer of rows is 174
    Number of rows in the synteny 174
    - Remove block 4 ;length: 689
    - Remove block 14 ;length: 781
    - Remove block 15 ;length: 1179
    - Remove block 23 ;length: 1504
    - Remove block 13 ;length: 3040
    - Remove block 19 ;length: 3107
    - Remove block 3 ;length: 4516
    - Remove block 1 ;length: 4545
    - Remove block 6 ;length: 4738
    - Remove block 11 ;length: 5742
    - Remove block 9 ;length: 5777
    - Remove block 3 ;length: 6177
    - Remove block 5 ;length: 7155
    - Remove block 5 ;length: 7316
    - Remove block 5 ;length: 9064
    - Remove block 9 ;length: 10897
    - Remove block 2 ;length: 13375
    - Remove block 2 ;length: 16167
    - Remove block 3 ;length: 18145
    Occupancy of base 182320
    Get gaps
    Create gaps for /Volumes/Samsung_T5/vienn/pannagram_test/symA_test/blast_gaps_ml2/acc_ml46_qchr_1_bchr_1_query.fasta
    Create gaps for /Volumes/Samsung_T5/vienn/pannagram_test/symA_test/blast_gaps_ml2/acc_ml46_qchr_1_bchr_1_base.fasta
    Create fasta for the remained sequences
    Create gaps for /Volumes/Samsung_T5/vienn/pannagram_test/symA_test/blast_gaps_ml2/acc_ml46_qchr_1_bchr_1_residual_query.fasta
    Create gaps for /Volumes/Samsung_T5/vienn/pannagram_test/symA_test/blast_gaps_ml2/acc_ml46_qchr_1_bchr_1_residual_base.fasta
    Done.
