    ml18 1 1
    Base: ml2_chr1.fasta
    Length of base: 1114955
    Query: ml18_chr1.fasta
    Length of query: 1344205
    Alignment: ml18 1 1
    /Volumes/Samsung_T5/vienn/pannagram_test/symA_test/blast_parts_ml2/ml18_1_1.txt
    Read blast results finished, numer of rows is 247
    Number of rows in the synteny 247
    - Remove block 6 ;length: 2992
    - Remove block 6 ;length: 9826
    - Remove block 9 ;length: 10078
    - Remove block 3 ;length: 10226
    - Remove block 6 ;length: 18445
    Occupancy of base 698682
    Get gaps
    Create gaps for /Volumes/Samsung_T5/vienn/pannagram_test/symA_test/blast_gaps_ml2/acc_ml18_qchr_1_bchr_1_query.fasta
    Create gaps for /Volumes/Samsung_T5/vienn/pannagram_test/symA_test/blast_gaps_ml2/acc_ml18_qchr_1_bchr_1_base.fasta
    Create fasta for the remained sequences
    Create gaps for /Volumes/Samsung_T5/vienn/pannagram_test/symA_test/blast_gaps_ml2/acc_ml18_qchr_1_bchr_1_residual_query.fasta
    Create gaps for /Volumes/Samsung_T5/vienn/pannagram_test/symA_test/blast_gaps_ml2/acc_ml18_qchr_1_bchr_1_residual_base.fasta
    Done.
