    ml20 1 1
    Base: ml2_chr1.fasta
    Length of base: 1114955
    Query: ml20_chr1.fasta
    Length of query: 1226615
    Alignment: ml20 1 1
    /Volumes/Samsung_T5/vienn/pannagram_test/symA_test/blast_parts_ml2/ml20_1_1.txt
    Read blast results finished, numer of rows is 204
    Number of rows in the synteny 204
    - Remove block 4 ;length: 2627
    - Remove block 2 ;length: 3654
    - Remove block 3 ;length: 5197
    - Remove block 5 ;length: 5290
    Occupancy of base 731585
    Get gaps
    Create gaps for /Volumes/Samsung_T5/vienn/pannagram_test/symA_test/blast_gaps_ml2/acc_ml20_qchr_1_bchr_1_query.fasta
    Create gaps for /Volumes/Samsung_T5/vienn/pannagram_test/symA_test/blast_gaps_ml2/acc_ml20_qchr_1_bchr_1_base.fasta
    Create fasta for the remained sequences
    Create gaps for /Volumes/Samsung_T5/vienn/pannagram_test/symA_test/blast_gaps_ml2/acc_ml20_qchr_1_bchr_1_residual_query.fasta
    Create gaps for /Volumes/Samsung_T5/vienn/pannagram_test/symA_test/blast_gaps_ml2/acc_ml20_qchr_1_bchr_1_residual_base.fasta
    Done.
