    ml28 1 1
    Base: ml2_chr1.fasta
    Length of base: 1114955
    Query: ml28_chr1.fasta
    Length of query: 1492741
    Alignment: ml28 1 1
    /Volumes/Samsung_T5/vienn/pannagram_test/symA_test/blast_parts_ml2/ml28_1_1.txt
    Read blast results finished, numer of rows is 148
    Number of rows in the synteny 148
    - Remove block 3 ;length: 1807
    - Remove block 15 ;length: 3303
    - Remove block 1 ;length: 4545
    - Remove block 10 ;length: 5373
    - Remove block 11 ;length: 5742
    - Remove block 2 ;length: 6177
    - Remove block 6 ;length: 6340
    - Remove block 6 ;length: 7760
    - Remove block 5 ;length: 8079
    - Remove block 10 ;length: 8626
    - Remove block 5 ;length: 9201
    - Remove block 4 ;length: 9235
    - Remove block 2 ;length: 16167
    - Remove block 3 ;length: 18145
    Occupancy of base 179699
    Get gaps
    Create gaps for /Volumes/Samsung_T5/vienn/pannagram_test/symA_test/blast_gaps_ml2/acc_ml28_qchr_1_bchr_1_query.fasta
    Create gaps for /Volumes/Samsung_T5/vienn/pannagram_test/symA_test/blast_gaps_ml2/acc_ml28_qchr_1_bchr_1_base.fasta
    Create fasta for the remained sequences
    Create gaps for /Volumes/Samsung_T5/vienn/pannagram_test/symA_test/blast_gaps_ml2/acc_ml28_qchr_1_bchr_1_residual_query.fasta
    Create gaps for /Volumes/Samsung_T5/vienn/pannagram_test/symA_test/blast_gaps_ml2/acc_ml28_qchr_1_bchr_1_residual_base.fasta
    Done.
