    ml21 1 1
    Base: ml2_chr1.fasta
    Length of base: 1114955
    Query: ml21_chr1.fasta
    Length of query: 1508376
    Alignment: ml21 1 1
    /Volumes/Samsung_T5/vienn/pannagram_test/symA_test/blast_parts_ml2/ml21_1_1.txt
    Read blast results finished, numer of rows is 167
    Number of rows in the synteny 167
    - Remove block 16 ;length: 781
    - Remove block 1 ;length: 1342
    - Remove block 19 ;length: 2494
    - Remove block 16 ;length: 3303
    - Remove block 9 ;length: 3946
    - Remove block 8 ;length: 3278
    - Remove block 12 ;length: 4332
    - Remove block 2 ;length: 4516
    - Remove block 3 ;length: 6177
    - Remove block 8 ;length: 7215
    - Remove block 7 ;length: 7499
    - Remove block 6 ;length: 8773
    - Remove block 6 ;length: 9201
    - Remove block 5 ;length: 10111
    - Remove block 2 ;length: 13373
    Occupancy of base 180762
    Get gaps
    Create gaps for /Volumes/Samsung_T5/vienn/pannagram_test/symA_test/blast_gaps_ml2/acc_ml21_qchr_1_bchr_1_query.fasta
    Create gaps for /Volumes/Samsung_T5/vienn/pannagram_test/symA_test/blast_gaps_ml2/acc_ml21_qchr_1_bchr_1_base.fasta
    Create fasta for the remained sequences
    Create gaps for /Volumes/Samsung_T5/vienn/pannagram_test/symA_test/blast_gaps_ml2/acc_ml21_qchr_1_bchr_1_residual_query.fasta
    Create gaps for /Volumes/Samsung_T5/vienn/pannagram_test/symA_test/blast_gaps_ml2/acc_ml21_qchr_1_bchr_1_residual_base.fasta
    Done.
