    ml66 1 1
    Base: ml2_chr1.fasta
    Length of base: 1114955
    Query: ml66_chr1.fasta
    Length of query: 1316541
    Alignment: ml66 1 1
    /Volumes/Samsung_T5/vienn/pannagram_test/symA_test/blast_parts_ml2/ml66_1_1.txt
    Read blast results finished, numer of rows is 138
    Number of rows in the synteny 138
    - Remove block 10 ;length: 629
    - Remove block 4 ;length: 689
    - Remove block 7 ;length: 1405
    - Remove block 18 ;length: 3107
    - Remove block 1 ;length: 4217
    - Remove block 12 ;length: 4332
    - Remove block 2 ;length: 4516
    - Remove block 10 ;length: 5777
    - Remove block 2 ;length: 6177
    - Remove block 7 ;length: 7760
    - Remove block 5 ;length: 8392
    - Remove block 5 ;length: 8400
    - Remove block 5 ;length: 9043
    - Remove block 4 ;length: 9235
    - Remove block 7 ;length: 10834
    - Remove block 2 ;length: 14809
    - Remove block 7 ;length: 16798
    - Remove block 3 ;length: 17747
    Occupancy of base 150213
    Get gaps
    Create gaps for /Volumes/Samsung_T5/vienn/pannagram_test/symA_test/blast_gaps_ml2/acc_ml66_qchr_1_bchr_1_query.fasta
    Create gaps for /Volumes/Samsung_T5/vienn/pannagram_test/symA_test/blast_gaps_ml2/acc_ml66_qchr_1_bchr_1_base.fasta
    Create fasta for the remained sequences
    Create gaps for /Volumes/Samsung_T5/vienn/pannagram_test/symA_test/blast_gaps_ml2/acc_ml66_qchr_1_bchr_1_residual_query.fasta
    Create gaps for /Volumes/Samsung_T5/vienn/pannagram_test/symA_test/blast_gaps_ml2/acc_ml66_qchr_1_bchr_1_residual_base.fasta
    Done.
